<?xml version="1.0" encoding="UTF-8"?>
<robot generator="Robot 5.0.1 (Python 3.9.11 on win32)" generated="20220718 12:19:06.359" rpa="false" schemaversion="3">
<suite id="s1" name="Quote Similarity Test" source="C:\Users\dolacins\PycharmProjects\quote-omni-die\tests\quote_similarity_test.robot">
<kw name="load quotes for checking" type="SETUP">
<doc>loads quotes list from database and sets it as a suite variable</doc>
<kw name="Load Quotes" library="load_quotes">
<var>${quotes}</var>
<arg>download=False</arg>
<arg>get_authors=False</arg>
<arg>get_quotes=True</arg>
<msg timestamp="20220718 12:19:06.594" level="INFO">0%|                                                                                                                                                                                                           | 0/96 [00:00&lt;?, ?it/s]100%|################################################################################################################################################################################################| 96/96 [00:00&lt;00:00, 8019.06it/s]</msg>
<msg timestamp="20220718 12:19:06.595" level="INFO">${quotes} = ['You have power over your mind - not outside events. Realize this, and you will find strength.', 'When you arise in the morning think of what a privilage it is to be alive, to think, to enjoy, to lov...</msg>
<status status="PASS" starttime="20220718 12:19:06.573" endtime="20220718 12:19:06.595"/>
</kw>
<kw name="Set Suite Variable" library="BuiltIn">
<arg>${quotes}</arg>
<doc>Makes a variable available everywhere within the scope of the current suite.</doc>
<msg timestamp="20220718 12:19:06.596" level="INFO">${quotes} = ['You have power over your mind - not outside events. Realize this, and you will find strength.', 'When you arise in the morning think of what a privilage it is to be alive, to think, to enjoy, to lov...</msg>
<status status="PASS" starttime="20220718 12:19:06.596" endtime="20220718 12:19:06.596"/>
</kw>
<status status="PASS" starttime="20220718 12:19:06.573" endtime="20220718 12:19:06.596"/>
</kw>
<test id="s1-t1" name="Duplicate quote test" line="10">
<kw name="Filter By Similarity" library="string_comparison">
<var>${duplicate}</var>
<arg>${quotes}</arg>
<arg>tolerance=1.</arg>
<msg timestamp="20220718 12:19:08.735" level="INFO">${duplicate} = []</msg>
<status status="PASS" starttime="20220718 12:19:06.598" endtime="20220718 12:19:08.735"/>
</kw>
<kw name="Should Be Empty" library="BuiltIn">
<arg>${duplicate}</arg>
<doc>Verifies that the given item is empty.</doc>
<msg timestamp="20220718 12:19:08.736" level="INFO">Length is 0</msg>
<status status="PASS" starttime="20220718 12:19:08.736" endtime="20220718 12:19:08.736"/>
</kw>
<kw name="Run Keyword If Test Failed" library="BuiltIn" type="TEARDOWN">
<arg>log to console</arg>
<arg>$log as=ERROR</arg>
<arg>$variable to log=${duplicate}</arg>
<doc>Runs the given keyword with the given arguments, if the test failed.</doc>
<status status="PASS" starttime="20220718 12:19:08.737" endtime="20220718 12:19:08.737"/>
</kw>
<doc>Fails if it finds duplicate quotes</doc>
<tag>duplicate check</tag>
<tag>similarity check</tag>
<status status="PASS" starttime="20220718 12:19:06.597" endtime="20220718 12:19:08.737"/>
</test>
<test id="s1-t2" name="quote similarity test" line="19">
<kw name="Filter By Similarity" library="string_comparison">
<var>${similar}</var>
<arg>${quotes}</arg>
<arg>tolerance=.50</arg>
<arg>upper_bound_ignore=.70</arg>
<msg timestamp="20220718 12:19:10.670" level="INFO">${similar} = [[ 6.         46.          0.50340136]]</msg>
<status status="PASS" starttime="20220718 12:19:08.739" endtime="20220718 12:19:10.670"/>
</kw>
<kw name="Filter By Similarity" library="string_comparison">
<var>${very similar}</var>
<arg>${quotes}</arg>
<arg>tolerance=.70</arg>
<arg>upper_bound_ignore=1.0</arg>
<msg timestamp="20220718 12:19:12.609" level="INFO">${very similar} = []</msg>
<status status="PASS" starttime="20220718 12:19:10.671" endtime="20220718 12:19:12.610"/>
</kw>
<if>
<branch type="IF" condition="'@{similar}' != '@{EMPTY}'">
<kw name="log to console">
<arg>log as=WARN</arg>
<arg>variable to log=${similar}</arg>
<doc>logs variable to console</doc>
<kw name="Run Keywords" library="BuiltIn">
<arg>Log</arg>
<arg>Found the following similar strings</arg>
<arg>${log as}</arg>
<arg>AND</arg>
<arg>Log</arg>
<arg>quote ID 1 | quote ID 2 | similarity [0-1]</arg>
<arg>AND</arg>
<arg>Log</arg>
<arg>${variable to log}</arg>
<arg>${log as}</arg>
<doc>Executes all the given keywords in a sequence.</doc>
<kw name="Log" library="BuiltIn">
<arg>Found the following similar strings</arg>
<arg>${log as}</arg>
<doc>Logs the given message with the given level.</doc>
<msg timestamp="20220718 12:19:12.611" level="WARN">Found the following similar strings</msg>
<status status="PASS" starttime="20220718 12:19:12.611" endtime="20220718 12:19:12.612"/>
</kw>
<kw name="Log" library="BuiltIn">
<arg>quote ID 1 | quote ID 2 | similarity [0-1]</arg>
<doc>Logs the given message with the given level.</doc>
<msg timestamp="20220718 12:19:12.613" level="INFO">quote ID 1 | quote ID 2 | similarity [0-1]</msg>
<status status="PASS" starttime="20220718 12:19:12.613" endtime="20220718 12:19:12.613"/>
</kw>
<kw name="Log" library="BuiltIn">
<arg>${variable to log}</arg>
<arg>${log as}</arg>
<doc>Logs the given message with the given level.</doc>
<msg timestamp="20220718 12:19:12.613" level="WARN">[[ 6.         46.          0.50340136]]</msg>
<status status="PASS" starttime="20220718 12:19:12.613" endtime="20220718 12:19:12.615"/>
</kw>
<status status="PASS" starttime="20220718 12:19:12.611" endtime="20220718 12:19:12.615"/>
</kw>
<status status="PASS" starttime="20220718 12:19:12.610" endtime="20220718 12:19:12.615"/>
</kw>
<status status="PASS" starttime="20220718 12:19:12.610" endtime="20220718 12:19:12.615"/>
</branch>
<status status="PASS" starttime="20220718 12:19:12.610" endtime="20220718 12:19:12.615"/>
</if>
<kw name="Should Be Empty" library="BuiltIn">
<arg>${very similar}</arg>
<doc>Verifies that the given item is empty.</doc>
<msg timestamp="20220718 12:19:12.616" level="INFO">Length is 0</msg>
<status status="PASS" starttime="20220718 12:19:12.615" endtime="20220718 12:19:12.616"/>
</kw>
<kw name="Run Keyword If Test Failed" library="BuiltIn" type="TEARDOWN">
<arg>log to console</arg>
<arg>log as=ERROR</arg>
<arg>variable to log=${very similar}</arg>
<doc>Runs the given keyword with the given arguments, if the test failed.</doc>
<status status="PASS" starttime="20220718 12:19:12.616" endtime="20220718 12:19:12.616"/>
</kw>
<doc>Fails if it finds too similar quotes, logs all the bad quotes as well as suspiciously similoar quotes</doc>
<tag>similarity check</tag>
<status status="PASS" starttime="20220718 12:19:08.738" endtime="20220718 12:19:12.617"/>
</test>
<doc>General test case for checking similarity betweeen two quotes as to avoid duplicate or similar quotes</doc>
<status status="PASS" starttime="20220718 12:19:06.362" endtime="20220718 12:19:12.619"/>
</suite>
<statistics>
<total>
<stat pass="2" fail="0" skip="0">All Tests</stat>
</total>
<tag>
<stat pass="1" fail="0" skip="0">duplicate check</stat>
<stat pass="2" fail="0" skip="0">similarity check</stat>
</tag>
<suite>
<stat pass="2" fail="0" skip="0" id="s1" name="Quote Similarity Test">Quote Similarity Test</stat>
</suite>
</statistics>
<errors>
<msg timestamp="20220718 12:19:12.611" level="WARN">Found the following similar strings</msg>
<msg timestamp="20220718 12:19:12.613" level="WARN">[[ 6.         46.          0.50340136]]</msg>
</errors>
</robot>
