<?xml version="1.0" encoding="UTF-8"?>
<robot generator="Robot 5.0.1 (Python 3.9.11 on win32)" generated="20220721 14:46:29.095" rpa="false" schemaversion="3">
<suite id="s1" name="Quote Similarity Test" source="C:\Users\dolacins\PycharmProjects\quote-omni-die\tests\quote_similarity_test.robot">
<kw name="load quotes for checking" type="SETUP">
<doc>loads quotes list from database and sets it as a suite variable</doc>
<kw name="Load Quotes" library="load_quotes">
<var>${quotes}</var>
<arg>download=False</arg>
<arg>get_authors=False</arg>
<arg>get_quotes=True</arg>
<msg timestamp="20220721 14:46:29.303" level="INFO">0%|                                                                                                                                                                                                          | 0/110 [00:00&lt;?, ?it/s]100%|#############################################################################################################################################################################################| 110/110 [00:00&lt;00:00, 14193.92it/s]</msg>
<msg timestamp="20220721 14:46:29.304" level="INFO">${quotes} = ['You have power over your mind - not outside events. Realize this, and you will find strength.', 'When you arise in the morning think of what a privilege it is to be alive, to think, to enjoy, to lov...</msg>
<status status="PASS" starttime="20220721 14:46:29.289" endtime="20220721 14:46:29.304"/>
</kw>
<kw name="Set Suite Variable" library="BuiltIn">
<arg>${quotes}</arg>
<doc>Makes a variable available everywhere within the scope of the current suite.</doc>
<msg timestamp="20220721 14:46:29.304" level="INFO">${quotes} = ['You have power over your mind - not outside events. Realize this, and you will find strength.', 'When you arise in the morning think of what a privilege it is to be alive, to think, to enjoy, to lov...</msg>
<status status="PASS" starttime="20220721 14:46:29.304" endtime="20220721 14:46:29.304"/>
</kw>
<status status="PASS" starttime="20220721 14:46:29.288" endtime="20220721 14:46:29.304"/>
</kw>
<test id="s1-t1" name="Duplicate quote test" line="10">
<kw name="Filter By Similarity" library="string_comparison">
<var>${duplicate}</var>
<arg>${quotes}</arg>
<arg>tolerance=1.</arg>
<msg timestamp="20220721 14:46:31.801" level="INFO">${duplicate} = []</msg>
<status status="PASS" starttime="20220721 14:46:29.305" endtime="20220721 14:46:31.801"/>
</kw>
<kw name="Should Be Empty" library="BuiltIn">
<arg>${duplicate}</arg>
<doc>Verifies that the given item is empty.</doc>
<msg timestamp="20220721 14:46:31.802" level="INFO">Length is 0</msg>
<status status="PASS" starttime="20220721 14:46:31.802" endtime="20220721 14:46:31.802"/>
</kw>
<kw name="Run Keyword If Test Failed" library="BuiltIn" type="TEARDOWN">
<arg>log to console</arg>
<arg>log as=ERROR</arg>
<arg>variable to log=${duplicate}</arg>
<doc>Runs the given keyword with the given arguments, if the test failed.</doc>
<status status="PASS" starttime="20220721 14:46:31.803" endtime="20220721 14:46:31.803"/>
</kw>
<doc>Fails if it finds duplicate quotes</doc>
<tag>duplicate check</tag>
<tag>similarity check</tag>
<status status="PASS" starttime="20220721 14:46:29.304" endtime="20220721 14:46:31.803"/>
</test>
<test id="s1-t2" name="quote similarity test" line="19">
<kw name="Filter By Similarity" library="string_comparison">
<var>${similar}</var>
<arg>${quotes}</arg>
<arg>tolerance=.50</arg>
<arg>upper_bound_ignore=.70</arg>
<msg timestamp="20220721 14:46:34.318" level="INFO">${similar} = [[ 6.         46.          0.50340136]
 [45.         97.          0.51748252]]</msg>
<status status="PASS" starttime="20220721 14:46:31.805" endtime="20220721 14:46:34.318"/>
</kw>
<kw name="Filter By Similarity" library="string_comparison">
<var>${very similar}</var>
<arg>${quotes}</arg>
<arg>tolerance=.70</arg>
<arg>upper_bound_ignore=1.0</arg>
<msg timestamp="20220721 14:46:36.818" level="INFO">${very similar} = []</msg>
<status status="PASS" starttime="20220721 14:46:34.319" endtime="20220721 14:46:36.818"/>
</kw>
<if>
<branch type="IF" condition="'@{similar}' != '@{EMPTY}'">
<kw name="log to console">
<arg>log as=WARN</arg>
<arg>variable to log=${similar}</arg>
<doc>logs variable to console</doc>
<kw name="Run Keywords" library="BuiltIn">
<arg>Log</arg>
<arg>Found the following similar strings</arg>
<arg>${log as}</arg>
<arg>AND</arg>
<arg>Log</arg>
<arg>quote ID 1 | quote ID 2 | similarity [0-1]</arg>
<arg>AND</arg>
<arg>Log</arg>
<arg>${variable to log}</arg>
<arg>${log as}</arg>
<doc>Executes all the given keywords in a sequence.</doc>
<kw name="Log" library="BuiltIn">
<arg>Found the following similar strings</arg>
<arg>${log as}</arg>
<doc>Logs the given message with the given level.</doc>
<msg timestamp="20220721 14:46:36.820" level="WARN">Found the following similar strings</msg>
<status status="PASS" starttime="20220721 14:46:36.820" endtime="20220721 14:46:36.821"/>
</kw>
<kw name="Log" library="BuiltIn">
<arg>quote ID 1 | quote ID 2 | similarity [0-1]</arg>
<doc>Logs the given message with the given level.</doc>
<msg timestamp="20220721 14:46:36.821" level="INFO">quote ID 1 | quote ID 2 | similarity [0-1]</msg>
<status status="PASS" starttime="20220721 14:46:36.821" endtime="20220721 14:46:36.821"/>
</kw>
<kw name="Log" library="BuiltIn">
<arg>${variable to log}</arg>
<arg>${log as}</arg>
<doc>Logs the given message with the given level.</doc>
<msg timestamp="20220721 14:46:36.822" level="WARN">[[ 6.         46.          0.50340136]
 [45.         97.          0.51748252]]</msg>
<status status="PASS" starttime="20220721 14:46:36.821" endtime="20220721 14:46:36.822"/>
</kw>
<status status="PASS" starttime="20220721 14:46:36.820" endtime="20220721 14:46:36.822"/>
</kw>
<status status="PASS" starttime="20220721 14:46:36.819" endtime="20220721 14:46:36.822"/>
</kw>
<status status="PASS" starttime="20220721 14:46:36.819" endtime="20220721 14:46:36.822"/>
</branch>
<status status="PASS" starttime="20220721 14:46:36.819" endtime="20220721 14:46:36.822"/>
</if>
<kw name="Should Be Empty" library="BuiltIn">
<arg>${very similar}</arg>
<doc>Verifies that the given item is empty.</doc>
<msg timestamp="20220721 14:46:36.823" level="INFO">Length is 0</msg>
<status status="PASS" starttime="20220721 14:46:36.823" endtime="20220721 14:46:36.823"/>
</kw>
<kw name="Run Keyword If Test Failed" library="BuiltIn" type="TEARDOWN">
<arg>log to console</arg>
<arg>log as=ERROR</arg>
<arg>variable to log=${very similar}</arg>
<doc>Runs the given keyword with the given arguments, if the test failed.</doc>
<status status="PASS" starttime="20220721 14:46:36.823" endtime="20220721 14:46:36.824"/>
</kw>
<doc>Fails if it finds too similar quotes, logs all the bad quotes as well as suspiciously similoar quotes</doc>
<tag>similarity check</tag>
<status status="PASS" starttime="20220721 14:46:31.805" endtime="20220721 14:46:36.824"/>
</test>
<doc>General test case for checking similarity betweeen two quotes as to avoid duplicate or similar quotes</doc>
<status status="PASS" starttime="20220721 14:46:29.096" endtime="20220721 14:46:36.825"/>
</suite>
<statistics>
<total>
<stat pass="2" fail="0" skip="0">All Tests</stat>
</total>
<tag>
<stat pass="1" fail="0" skip="0">duplicate check</stat>
<stat pass="2" fail="0" skip="0">similarity check</stat>
</tag>
<suite>
<stat pass="2" fail="0" skip="0" id="s1" name="Quote Similarity Test">Quote Similarity Test</stat>
</suite>
</statistics>
<errors>
<msg timestamp="20220721 14:46:36.820" level="WARN">Found the following similar strings</msg>
<msg timestamp="20220721 14:46:36.822" level="WARN">[[ 6.         46.          0.50340136]
 [45.         97.          0.51748252]]</msg>
</errors>
</robot>
