<?xml version="1.0" encoding="UTF-8"?>
<robot generator="Robot 5.0.1 (Python 3.9.11 on win32)" generated="20220715 13:16:44.612" rpa="false" schemaversion="3">
<suite id="s1" name="Quote Similarity Test" source="C:\Users\dolacins\PycharmProjects\quote-omni-die\tests\quote_similarity_test.robot">
<test id="s1-t1" name="Duplicate quote test" line="7">
<kw name="Set Tags" library="BuiltIn">
<arg>similarity check</arg>
<arg>duplicate check</arg>
<doc>Adds given ``tags`` for the current test or all tests in a suite.</doc>
<msg timestamp="20220715 13:16:45.009" level="INFO">Set tags 'similarity check' and 'duplicate check'.</msg>
<status status="PASS" starttime="20220715 13:16:45.009" endtime="20220715 13:16:45.009"/>
</kw>
<kw name="Set Test Documentation" library="BuiltIn">
<arg>Fails if it finds duplicate quotes</arg>
<doc>Sets documentation for the current test case.</doc>
<msg timestamp="20220715 13:16:45.010" level="INFO">Set test documentation to:
Fails if it finds duplicate quotes</msg>
<status status="PASS" starttime="20220715 13:16:45.010" endtime="20220715 13:16:45.010"/>
</kw>
<kw name="Load Quotes" library="load_quotes">
<var>${quotes}</var>
<arg>download=False</arg>
<arg>get_authors=False</arg>
<arg>get_quotes=True</arg>
<msg timestamp="20220715 13:16:45.043" level="INFO">0%|                                                                                                                                                           | 0/96 [00:00&lt;?, ?it/s]100%|################################################################################################################################################| 96/96 [00:00&lt;00:00, 5045.53it/s]</msg>
<msg timestamp="20220715 13:16:45.045" level="INFO">${quotes} = ['You have power over your mind - not outside events. Realize this, and you will find strength.', 'When you arise in the morning think of what a privilage it is to be alive, to think, to enjoy, to lov...</msg>
<status status="PASS" starttime="20220715 13:16:45.011" endtime="20220715 13:16:45.045"/>
</kw>
<kw name="Set Suite Variable" library="BuiltIn">
<arg>${quotes}</arg>
<doc>Makes a variable available everywhere within the scope of the current suite.</doc>
<msg timestamp="20220715 13:16:45.047" level="INFO">${quotes} = ['You have power over your mind - not outside events. Realize this, and you will find strength.', 'When you arise in the morning think of what a privilage it is to be alive, to think, to enjoy, to lov...</msg>
<status status="PASS" starttime="20220715 13:16:45.046" endtime="20220715 13:16:45.047"/>
</kw>
<kw name="Filter By Similarity" library="string_comparison">
<var>${duplicate}</var>
<arg>${quotes}</arg>
<arg>tolerance=1.</arg>
<msg timestamp="20220715 13:16:48.166" level="INFO">${duplicate} = []</msg>
<status status="PASS" starttime="20220715 13:16:45.048" endtime="20220715 13:16:48.167"/>
</kw>
<kw name="Should Be Empty" library="BuiltIn">
<arg>${duplicate}</arg>
<doc>Verifies that the given item is empty.</doc>
<msg timestamp="20220715 13:16:48.168" level="INFO">Length is 0</msg>
<status status="PASS" starttime="20220715 13:16:48.168" endtime="20220715 13:16:48.168"/>
</kw>
<kw name="Run Keywords" library="BuiltIn" type="TEARDOWN">
<arg>Run Keyword If Test Failed</arg>
<arg>Log</arg>
<arg>Duplicate quotes found!</arg>
<arg>AND</arg>
<arg>Run Keyword If Test Failed</arg>
<arg>Log</arg>
<arg>Found the following duplicate quotes:</arg>
<arg>ERROR</arg>
<arg>AND</arg>
<arg>Run Keyword If Test Failed</arg>
<arg>Log</arg>
<arg>quote ID 1 | quote ID 2 | similarity [0-1]</arg>
<arg>AND</arg>
<arg>Run Keyword If Test Failed</arg>
<arg>Log</arg>
<arg>${duplicate}</arg>
<arg>ERROR</arg>
<doc>Executes all the given keywords in a sequence.</doc>
<kw name="Run Keyword If Test Failed" library="BuiltIn">
<arg>Log</arg>
<arg>Duplicate quotes found!</arg>
<doc>Runs the given keyword with the given arguments, if the test failed.</doc>
<status status="PASS" starttime="20220715 13:16:48.169" endtime="20220715 13:16:48.170"/>
</kw>
<kw name="Run Keyword If Test Failed" library="BuiltIn">
<arg>Log</arg>
<arg>Found the following duplicate quotes:</arg>
<arg>ERROR</arg>
<doc>Runs the given keyword with the given arguments, if the test failed.</doc>
<status status="PASS" starttime="20220715 13:16:48.170" endtime="20220715 13:16:48.170"/>
</kw>
<kw name="Run Keyword If Test Failed" library="BuiltIn">
<arg>Log</arg>
<arg>quote ID 1 | quote ID 2 | similarity [0-1]</arg>
<doc>Runs the given keyword with the given arguments, if the test failed.</doc>
<status status="PASS" starttime="20220715 13:16:48.170" endtime="20220715 13:16:48.170"/>
</kw>
<kw name="Run Keyword If Test Failed" library="BuiltIn">
<arg>Log</arg>
<arg>${duplicate}</arg>
<arg>ERROR</arg>
<doc>Runs the given keyword with the given arguments, if the test failed.</doc>
<status status="PASS" starttime="20220715 13:16:48.170" endtime="20220715 13:16:48.170"/>
</kw>
<status status="PASS" starttime="20220715 13:16:48.169" endtime="20220715 13:16:48.170"/>
</kw>
<doc>Fails if it finds duplicate quotes</doc>
<tag>duplicate check</tag>
<tag>similarity check</tag>
<status status="PASS" starttime="20220715 13:16:45.007" endtime="20220715 13:16:48.172"/>
</test>
<test id="s1-t2" name="quote similarity test" line="22">
<kw name="Set Tags" library="BuiltIn">
<arg>similarity check</arg>
<doc>Adds given ``tags`` for the current test or all tests in a suite.</doc>
<msg timestamp="20220715 13:16:48.175" level="INFO">Set tag 'similarity check'.</msg>
<status status="PASS" starttime="20220715 13:16:48.175" endtime="20220715 13:16:48.175"/>
</kw>
<kw name="Set Test Documentation" library="BuiltIn">
<arg>Fails if it finds too similar quotes, logs all the bad quotes as well as suspiciously similoar quotes</arg>
<doc>Sets documentation for the current test case.</doc>
<msg timestamp="20220715 13:16:48.176" level="INFO">Set test documentation to:
Fails if it finds too similar quotes, logs all the bad quotes as well as suspiciously similoar quotes</msg>
<status status="PASS" starttime="20220715 13:16:48.176" endtime="20220715 13:16:48.176"/>
</kw>
<kw name="Filter By Similarity" library="string_comparison">
<var>${similar}</var>
<arg>${quotes}</arg>
<arg>tolerance=.50</arg>
<arg>upper_bound_ignore=.70</arg>
<msg timestamp="20220715 13:16:51.602" level="INFO">${similar} = [[ 6.         46.          0.50340136]]</msg>
<status status="PASS" starttime="20220715 13:16:48.177" endtime="20220715 13:16:51.602"/>
</kw>
<kw name="Filter By Similarity" library="string_comparison">
<var>${very similar}</var>
<arg>${quotes}</arg>
<arg>tolerance=.70</arg>
<arg>upper_bound_ignore=1.0</arg>
<msg timestamp="20220715 13:16:54.609" level="INFO">${very similar} = []</msg>
<status status="PASS" starttime="20220715 13:16:51.603" endtime="20220715 13:16:54.610"/>
</kw>
<if>
<branch type="IF" condition="'@{similar}' != '@{EMPTY}'">
<kw name="Run Keywords" library="BuiltIn">
<arg>Log</arg>
<arg>Some similar quotes were found</arg>
<arg>WARN</arg>
<arg>AND</arg>
<arg>Log</arg>
<arg>quote ID 1 | quote ID 2 | similarity [0-1]</arg>
<arg>AND</arg>
<arg>Log</arg>
<arg>${similar}</arg>
<arg>WARN</arg>
<doc>Executes all the given keywords in a sequence.</doc>
<kw name="Log" library="BuiltIn">
<arg>Some similar quotes were found</arg>
<arg>WARN</arg>
<doc>Logs the given message with the given level.</doc>
<msg timestamp="20220715 13:16:54.613" level="WARN">Some similar quotes were found</msg>
<status status="PASS" starttime="20220715 13:16:54.613" endtime="20220715 13:16:54.615"/>
</kw>
<kw name="Log" library="BuiltIn">
<arg>quote ID 1 | quote ID 2 | similarity [0-1]</arg>
<doc>Logs the given message with the given level.</doc>
<msg timestamp="20220715 13:16:54.616" level="INFO">quote ID 1 | quote ID 2 | similarity [0-1]</msg>
<status status="PASS" starttime="20220715 13:16:54.615" endtime="20220715 13:16:54.616"/>
</kw>
<kw name="Log" library="BuiltIn">
<arg>${similar}</arg>
<arg>WARN</arg>
<doc>Logs the given message with the given level.</doc>
<msg timestamp="20220715 13:16:54.617" level="WARN">[[ 6.         46.          0.50340136]]</msg>
<status status="PASS" starttime="20220715 13:16:54.616" endtime="20220715 13:16:54.666"/>
</kw>
<status status="PASS" starttime="20220715 13:16:54.612" endtime="20220715 13:16:54.666"/>
</kw>
<status status="PASS" starttime="20220715 13:16:54.612" endtime="20220715 13:16:54.666"/>
</branch>
<status status="PASS" starttime="20220715 13:16:54.611" endtime="20220715 13:16:54.666"/>
</if>
<kw name="Should Be Empty" library="BuiltIn">
<arg>${very similar}</arg>
<doc>Verifies that the given item is empty.</doc>
<msg timestamp="20220715 13:16:54.668" level="INFO">Length is 0</msg>
<status status="PASS" starttime="20220715 13:16:54.667" endtime="20220715 13:16:54.668"/>
</kw>
<kw name="Run Keywords" library="BuiltIn" type="TEARDOWN">
<arg>Run Keyword If Test Failed</arg>
<arg>log</arg>
<arg>Found the following very similar quotes:</arg>
<arg>ERROR</arg>
<arg>AND</arg>
<arg>Run Keyword If Test Failed</arg>
<arg>log</arg>
<arg>quote ID 1 | quote ID 2 | similarity [0-1]</arg>
<arg>AND</arg>
<arg>Run Keyword If Test Failed</arg>
<arg>Log</arg>
<arg>${very_similar}</arg>
<arg>ERROR</arg>
<doc>Executes all the given keywords in a sequence.</doc>
<kw name="Run Keyword If Test Failed" library="BuiltIn">
<arg>log</arg>
<arg>Found the following very similar quotes:</arg>
<arg>ERROR</arg>
<doc>Runs the given keyword with the given arguments, if the test failed.</doc>
<status status="PASS" starttime="20220715 13:16:54.669" endtime="20220715 13:16:54.670"/>
</kw>
<kw name="Run Keyword If Test Failed" library="BuiltIn">
<arg>log</arg>
<arg>quote ID 1 | quote ID 2 | similarity [0-1]</arg>
<doc>Runs the given keyword with the given arguments, if the test failed.</doc>
<status status="PASS" starttime="20220715 13:16:54.670" endtime="20220715 13:16:54.670"/>
</kw>
<kw name="Run Keyword If Test Failed" library="BuiltIn">
<arg>Log</arg>
<arg>${very_similar}</arg>
<arg>ERROR</arg>
<doc>Runs the given keyword with the given arguments, if the test failed.</doc>
<status status="PASS" starttime="20220715 13:16:54.670" endtime="20220715 13:16:54.670"/>
</kw>
<status status="PASS" starttime="20220715 13:16:54.669" endtime="20220715 13:16:54.670"/>
</kw>
<doc>Fails if it finds too similar quotes, logs all the bad quotes as well as suspiciously similoar quotes</doc>
<tag>similarity check</tag>
<status status="PASS" starttime="20220715 13:16:48.174" endtime="20220715 13:16:54.672"/>
</test>
<doc>General test case for checking similarity betweeen two quotes as to avoid duplicate or similar quotes</doc>
<status status="PASS" starttime="20220715 13:16:44.617" endtime="20220715 13:16:54.675"/>
</suite>
<statistics>
<total>
<stat pass="2" fail="0" skip="0">All Tests</stat>
</total>
<tag>
<stat pass="1" fail="0" skip="0">duplicate check</stat>
<stat pass="2" fail="0" skip="0">similarity check</stat>
</tag>
<suite>
<stat pass="2" fail="0" skip="0" id="s1" name="Quote Similarity Test">Quote Similarity Test</stat>
</suite>
</statistics>
<errors>
<msg timestamp="20220715 13:16:54.613" level="WARN">Some similar quotes were found</msg>
<msg timestamp="20220715 13:16:54.617" level="WARN">[[ 6.         46.          0.50340136]]</msg>
</errors>
</robot>
